<?xml version="1.0" encoding="UTF-8"?>
<!-- Generated by org.testng.reporters.JUnitReportReporter -->
<testsuite skipped="0" hostname="DESKTOP-6QF3NKS" name="com.crm.qa.testcases.DealsPageTest" tests="8" failures="0" timestamp="18 Mar 2019 17:23:02 GMT" time="475.983" errors="0">
  <testcase name="verifyContactsPageLabel" time="48.139" classname="com.crm.qa.testcases.DealsPageTest"/>
  <testcase name="selectSingleDealsTest" time="58.765" classname="com.crm.qa.testcases.DealsPageTest"/>
  <testcase name="selectMultipleContactsTest" time="55.319" classname="com.crm.qa.testcases.DealsPageTest"/>
  <testcase name="validateCreateNewDeals" time="76.953" classname="com.crm.qa.testcases.DealsPageTest"/>
  <testcase name="validateCreateNewDeals" time="60.437" classname="com.crm.qa.testcases.DealsPageTest"/>
  <testcase name="validateCreateNewDeals" time="57.532" classname="com.crm.qa.testcases.DealsPageTest"/>
  <testcase name="validateCreateNewDeals" time="61.372" classname="com.crm.qa.testcases.DealsPageTest"/>
  <testcase name="validateCreateNewDeals" time="57.466" classname="com.crm.qa.testcases.DealsPageTest"/>
</testsuite> <!-- com.crm.qa.testcases.DealsPageTest -->
