<?xml version="1.0" encoding="UTF-8"?>
<!-- Generated by org.testng.reporters.JUnitReportReporter -->
<testsuite skipped="0" hostname="DESKTOP-6QF3NKS" name="com.crm.qa.testcases.LoginPageTest" tests="4" failures="0" timestamp="18 Mar 2019 17:23:02 GMT" time="87.832" errors="0">
  <testcase name="loginPageTitleTest" time="24.585" classname="com.crm.qa.testcases.LoginPageTest"/>
  <testcase name="verifyCurrentURL" time="14.413" classname="com.crm.qa.testcases.LoginPageTest"/>
  <testcase name="verifyLoginPageLogo" time="20.998" classname="com.crm.qa.testcases.LoginPageTest"/>
  <testcase name="LoginTest" time="27.836" classname="com.crm.qa.testcases.LoginPageTest"/>
</testsuite> <!-- com.crm.qa.testcases.LoginPageTest -->
