<?xml version="1.0" encoding="UTF-8"?>
<!-- Generated by org.testng.reporters.JUnitReportReporter -->
<testsuite hostname="DESKTOP-H19770M" failures="0" tests="4" name="com.crm.qa.testcases.LoginPageTest" time="48.856" errors="0" timestamp="30 Aug 2019 13:23:57 GMT" skipped="0">
  <testcase classname="com.crm.qa.testcases.LoginPageTest" name="loginPageTitleTest" time="11.173"/>
  <testcase classname="com.crm.qa.testcases.LoginPageTest" name="verifyCurrentURL" time="9.645"/>
  <testcase classname="com.crm.qa.testcases.LoginPageTest" name="verifyLoginPageLogo" time="13.266"/>
  <testcase classname="com.crm.qa.testcases.LoginPageTest" name="LoginTest" time="14.772"/>
</testsuite> <!-- com.crm.qa.testcases.LoginPageTest -->
