<?xml version="1.0" encoding="UTF-8"?>
<!-- Generated by org.testng.reporters.JUnitReportReporter -->
<testsuite hostname="DESKTOP-H19770M" failures="0" tests="3" name="com.crm.qa.testcases.HomePageTest" time="47.652" errors="0" timestamp="30 Aug 2019 13:23:57 GMT" skipped="0">
  <testcase classname="com.crm.qa.testcases.HomePageTest" name="verifyHomePageTitleTest" time="15.569"/>
  <testcase classname="com.crm.qa.testcases.HomePageTest" name="verifyUserNameTest" time="16.802"/>
  <testcase classname="com.crm.qa.testcases.HomePageTest" name="verifyContactsLinkTest" time="15.281"/>
</testsuite> <!-- com.crm.qa.testcases.HomePageTest -->
