<?xml version="1.0" encoding="UTF-8"?>
<!-- Generated by org.testng.reporters.JUnitReportReporter -->
<testsuite skipped="0" hostname="DESKTOP-6QF3NKS" name="com.crm.qa.testcases.HomePageTest" tests="3" failures="0" timestamp="19 Mar 2019 15:31:29 GMT" time="102.574" errors="0">
  <testcase name="verifyHomePageTitleTest" time="42.724" classname="com.crm.qa.testcases.HomePageTest"/>
  <testcase name="verifyUserNameTest" time="26.631" classname="com.crm.qa.testcases.HomePageTest"/>
  <testcase name="verifyContactsLinkTest" time="33.219" classname="com.crm.qa.testcases.HomePageTest"/>
</testsuite> <!-- com.crm.qa.testcases.HomePageTest -->
