<?xml version="1.0" encoding="UTF-8"?>
<!-- Generated by org.testng.reporters.JUnitReportReporter -->
<testsuite hostname="DESKTOP-H19770M" failures="0" tests="8" name="com.crm.qa.testcases.DealsPageTest" time="310.303" errors="0" timestamp="30 Aug 2019 13:23:57 GMT" skipped="0">
  <testcase classname="com.crm.qa.testcases.DealsPageTest" name="verifyContactsPageLabel" time="32.478"/>
  <testcase classname="com.crm.qa.testcases.DealsPageTest" name="selectSingleDealsTest" time="38.941"/>
  <testcase classname="com.crm.qa.testcases.DealsPageTest" name="selectMultipleContactsTest" time="33.155"/>
  <testcase classname="com.crm.qa.testcases.DealsPageTest" name="validateCreateNewDeals" time="37.880"/>
  <testcase classname="com.crm.qa.testcases.DealsPageTest" name="validateCreateNewDeals" time="56.486"/>
  <testcase classname="com.crm.qa.testcases.DealsPageTest" name="validateCreateNewDeals" time="35.936"/>
  <testcase classname="com.crm.qa.testcases.DealsPageTest" name="validateCreateNewDeals" time="40.115"/>
  <testcase classname="com.crm.qa.testcases.DealsPageTest" name="validateCreateNewDeals" time="35.312"/>
</testsuite> <!-- com.crm.qa.testcases.DealsPageTest -->
