<?xml version="1.0" encoding="UTF-8"?>
<!-- Generated by org.testng.reporters.JUnitReportReporter -->
<testsuite skipped="0" hostname="DESKTOP-6QF3NKS" name="com.crm.qa.testcases.HomePageTest" tests="3" failures="0" timestamp="19 Mar 2019 15:20:03 GMT" time="132.192" errors="0">
  <testcase name="verifyHomePageTitleTest" time="65.622" classname="com.crm.qa.testcases.HomePageTest"/>
  <testcase name="verifyUserNameTest" time="32.357" classname="com.crm.qa.testcases.HomePageTest"/>
  <testcase name="verifyContactsLinkTest" time="34.213" classname="com.crm.qa.testcases.HomePageTest"/>
</testsuite> <!-- com.crm.qa.testcases.HomePageTest -->
