<?xml version="1.0" encoding="UTF-8"?>
<!-- Generated by org.testng.reporters.JUnitReportReporter -->
<testsuite skipped="0" hostname="DESKTOP-6QF3NKS" name="com.crm.qa.testcases.DealsPageTest" tests="8" failures="0" timestamp="18 Mar 2019 17:47:01 GMT" time="586.593" errors="0">
  <testcase name="verifyContactsPageLabel" time="56.531" classname="com.crm.qa.testcases.DealsPageTest"/>
  <testcase name="selectSingleDealsTest" time="67.516" classname="com.crm.qa.testcases.DealsPageTest"/>
  <testcase name="selectMultipleContactsTest" time="53.766" classname="com.crm.qa.testcases.DealsPageTest"/>
  <testcase name="validateCreateNewDeals" time="58.648" classname="com.crm.qa.testcases.DealsPageTest"/>
  <testcase name="validateCreateNewDeals" time="92.361" classname="com.crm.qa.testcases.DealsPageTest"/>
  <testcase name="validateCreateNewDeals" time="104.400" classname="com.crm.qa.testcases.DealsPageTest"/>
  <testcase name="validateCreateNewDeals" time="89.170" classname="com.crm.qa.testcases.DealsPageTest"/>
  <testcase name="validateCreateNewDeals" time="64.201" classname="com.crm.qa.testcases.DealsPageTest"/>
</testsuite> <!-- com.crm.qa.testcases.DealsPageTest -->
