<?xml version="1.0" encoding="UTF-8"?>
<!-- Generated by org.testng.reporters.JUnitReportReporter -->
<testsuite skipped="0" hostname="DESKTOP-6QF3NKS" name="com.crm.qa.testcases.LoginPageTest" tests="4" failures="0" timestamp="18 Mar 2019 17:47:02 GMT" time="88.092" errors="0">
  <testcase name="loginPageTitleTest" time="14.878" classname="com.crm.qa.testcases.LoginPageTest"/>
  <testcase name="verifyCurrentURL" time="24.671" classname="com.crm.qa.testcases.LoginPageTest"/>
  <testcase name="verifyLoginPageLogo" time="17.243" classname="com.crm.qa.testcases.LoginPageTest"/>
  <testcase name="LoginTest" time="31.300" classname="com.crm.qa.testcases.LoginPageTest"/>
</testsuite> <!-- com.crm.qa.testcases.LoginPageTest -->
